<?xml version="1.0" encoding="UTF-8"?>
<!-- Generated by org.testng.reporters.JUnitXMLReporter -->
<testsuite ignored="0" hostname="DESKTOP-48ME6A4" failures="0" tests="3" name="Test" time="46.659" errors="0" timestamp="11 Jun 2022 16:55:27 GMT">
  <testcase classname="testNGWebDriver.LoginTest" name="test1" time="12.247"/>
  <testcase classname="testNGWebDriver.LoginTest" name="test2" time="11.826"/>
  <testcase classname="testNGWebDriver.HomePageTest" name="test1" time="9.336"/>
</testsuite> <!-- Test -->
