<?xml version="1.0" encoding="UTF-8"?>
<!-- Generated by org.testng.reporters.JUnitXMLReporter -->
<testsuite ignored="0" hostname="DESKTOP-48ME6A4" failures="0" tests="3" name="Test" time="51.226" errors="0" timestamp="12 Jun 2022 14:39:58 GMT">
  <testcase classname="testNGWebDriver.LoginTest" name="test1" time="11.487"/>
  <testcase classname="testNGWebDriver.LoginTest" name="test2" time="11.287"/>
  <testcase classname="testNGWebDriver.HomePageTest" name="test1" time="12.122"/>
</testsuite> <!-- Test -->
