<?xml version="1.0" encoding="UTF-8"?>
<!-- Generated by org.testng.reporters.JUnitXMLReporter -->
<testsuite ignored="2" hostname="DESKTOP-48ME6A4" failures="0" tests="3" name="Test" time="0.054" errors="0" timestamp="11 Jun 2022 17:09:26 GMT">
  <testcase classname="testNG.CreditCardTestCases" name="CCTest1" time="0.001"/>
  <testcase classname="testNG.LoanTestCases" name="HomeLoanTest2" time="0.0"/>
  <testcase classname="testNG.LoanTestCases" name="HomeLoanTest1" time="0.001"/>
  <testcase classname="testNG.LoanTestCases" name="MotorLoanTest" time="0.0">
    <ignored/>
  </testcase> <!-- MotorLoanTest -->
  <testcase classname="testNG.LoanTestCases" name="CarLoanTest" time="0.0">
    <ignored/>
  </testcase> <!-- CarLoanTest -->
</testsuite> <!-- Test -->
