<?xml version="1.0" encoding="UTF-8"?>
<testng-results ignored="2" total="5" passed="3" failed="0" skipped="0">
  <reporter-output>
  </reporter-output>
  <suite started-at="2022-06-11T17:09:26Z" name="Suite" finished-at="2022-06-11T17:09:26Z" duration-ms="54">
    <groups>
      <group name="Sanity">
        <method signature="CreditCardTestCases.CCTest1()[pri:0, instance:testNG.CreditCardTestCases@6337c201]" name="CCTest1" class="testNG.CreditCardTestCases"/>
      </group> <!-- Sanity -->
    </groups>
    <test started-at="2022-06-11T17:09:26Z" name="Test" finished-at="2022-06-11T17:09:26Z" duration-ms="54">
      <class name="testNG.CreditCardTestCases">
        <test-method signature="CCTest1()[pri:0, instance:testNG.CreditCardTestCases@6337c201]" started-at="2022-06-11T17:09:26Z" name="CCTest1" finished-at="2022-06-11T17:09:26Z" duration-ms="1" status="PASS">
          <reporter-output>
          </reporter-output>
        </test-method> <!-- CCTest1 -->
      </class> <!-- testNG.CreditCardTestCases -->
      <class name="testNG.LoanTestCases">
        <test-method is-config="true" signature="BeforeTest1()[pri:0, instance:testNG.LoanTestCases@490caf5f]" started-at="2022-06-11T17:09:26Z" name="BeforeTest1" finished-at="2022-06-11T17:09:26Z" duration-ms="22" status="PASS">
          <reporter-output>
          </reporter-output>
        </test-method> <!-- BeforeTest1 -->
        <test-method is-config="true" signature="BeforeMethod1()[pri:0, instance:testNG.LoanTestCases@490caf5f]" started-at="2022-06-11T17:09:26Z" name="BeforeMethod1" finished-at="2022-06-11T17:09:26Z" duration-ms="1" status="PASS">
          <reporter-output>
          </reporter-output>
        </test-method> <!-- BeforeMethod1 -->
        <test-method signature="HomeLoanTest2()[pri:2, instance:testNG.LoanTestCases@490caf5f]" started-at="2022-06-11T17:09:26Z" name="HomeLoanTest2" finished-at="2022-06-11T17:09:26Z" duration-ms="0" status="PASS">
          <reporter-output>
          </reporter-output>
        </test-method> <!-- HomeLoanTest2 -->
        <test-method is-config="true" signature="AfterMethod1()[pri:0, instance:testNG.LoanTestCases@490caf5f]" started-at="2022-06-11T17:09:26Z" name="AfterMethod1" finished-at="2022-06-11T17:09:26Z" duration-ms="0" status="PASS">
          <reporter-output>
          </reporter-output>
        </test-method> <!-- AfterMethod1 -->
        <test-method signature="HomeLoanTest1()[pri:3, instance:testNG.LoanTestCases@490caf5f]" started-at="2022-06-11T17:09:26Z" name="HomeLoanTest1" finished-at="2022-06-11T17:09:26Z" duration-ms="1" status="PASS">
          <reporter-output>
          </reporter-output>
        </test-method> <!-- HomeLoanTest1 -->
        <test-method is-config="true" signature="BeforeMethod1()[pri:0, instance:testNG.LoanTestCases@490caf5f]" started-at="2022-06-11T17:09:26Z" name="BeforeMethod1" finished-at="2022-06-11T17:09:26Z" duration-ms="0" status="PASS">
          <reporter-output>
          </reporter-output>
        </test-method> <!-- BeforeMethod1 -->
        <test-method is-config="true" signature="AfterMethod1()[pri:0, instance:testNG.LoanTestCases@490caf5f]" started-at="2022-06-11T17:09:26Z" name="AfterMethod1" finished-at="2022-06-11T17:09:26Z" duration-ms="0" status="PASS">
          <reporter-output>
          </reporter-output>
        </test-method> <!-- AfterMethod1 -->
        <test-method is-config="true" signature="AfterTest1()[pri:0, instance:testNG.LoanTestCases@490caf5f]" started-at="2022-06-11T17:09:26Z" name="AfterTest1" finished-at="2022-06-11T17:09:26Z" duration-ms="1" status="PASS">
          <reporter-output>
          </reporter-output>
        </test-method> <!-- AfterTest1 -->
      </class> <!-- testNG.LoanTestCases -->
    </test> <!-- Test -->
  </suite> <!-- Suite -->
</testng-results>
