<?xml version="1.0" encoding="UTF-8"?>
<testng-results ignored="0" total="3" passed="3" failed="0" skipped="0">
  <reporter-output>
  </reporter-output>
  <suite started-at="2022-06-12T14:39:07Z" name="Suite" finished-at="2022-06-12T14:39:58Z" duration-ms="51226">
    <groups>
    </groups>
    <test started-at="2022-06-12T14:39:07Z" name="Test" finished-at="2022-06-12T14:39:58Z" duration-ms="51226">
      <class name="testNGWebDriver.HomePageTest">
        <test-method is-config="true" signature="setUP()[pri:0, instance:testNGWebDriver.HomePageTest@7ef27d7f]" started-at="2022-06-12T14:39:41Z" name="setUP" finished-at="2022-06-12T14:39:46Z" duration-ms="4904" status="PASS">
          <reporter-output>
          </reporter-output>
        </test-method> <!-- setUP -->
        <test-method signature="test1()[pri:0, instance:testNGWebDriver.HomePageTest@7ef27d7f]" started-at="2022-06-12T14:39:46Z" name="test1" finished-at="2022-06-12T14:39:58Z" duration-ms="12122" status="PASS">
          <reporter-output>
          </reporter-output>
        </test-method> <!-- test1 -->
        <test-method is-config="true" signature="tearDown()[pri:0, instance:testNGWebDriver.HomePageTest@7ef27d7f]" started-at="2022-06-12T14:39:58Z" name="tearDown" finished-at="2022-06-12T14:39:58Z" duration-ms="227" status="PASS">
          <reporter-output>
          </reporter-output>
        </test-method> <!-- tearDown -->
      </class> <!-- testNGWebDriver.HomePageTest -->
      <class name="testNGWebDriver.LoginTest">
        <test-method is-config="true" signature="setUP()[pri:0, instance:testNGWebDriver.LoginTest@1205bd62]" started-at="2022-06-12T14:39:07Z" name="setUP" finished-at="2022-06-12T14:39:13Z" duration-ms="5975" status="PASS">
          <reporter-output>
          </reporter-output>
        </test-method> <!-- setUP -->
        <test-method signature="test1(java.lang.String, java.lang.String)[pri:0, instance:testNGWebDriver.LoginTest@1205bd62]" started-at="2022-06-12T14:39:13Z" name="test1" finished-at="2022-06-12T14:39:25Z" duration-ms="11487" status="PASS">
          <params>
            <param index="0">
              <value>
                <![CDATA[Abc@xyz.com]]>
              </value>
            </param>
            <param index="1">
              <value>
                <![CDATA[Abc@2345]]>
              </value>
            </param>
          </params>
          <reporter-output>
          </reporter-output>
        </test-method> <!-- test1 -->
        <test-method is-config="true" signature="tearDown()[pri:0, instance:testNGWebDriver.LoginTest@1205bd62]" started-at="2022-06-12T14:39:25Z" name="tearDown" finished-at="2022-06-12T14:39:25Z" duration-ms="249" status="PASS">
          <reporter-output>
          </reporter-output>
        </test-method> <!-- tearDown -->
        <test-method is-config="true" signature="setUP()[pri:0, instance:testNGWebDriver.LoginTest@1205bd62]" started-at="2022-06-12T14:39:25Z" name="setUP" finished-at="2022-06-12T14:39:30Z" duration-ms="4698" status="PASS">
          <reporter-output>
          </reporter-output>
        </test-method> <!-- setUP -->
        <test-method signature="test2()[pri:0, instance:testNGWebDriver.LoginTest@1205bd62]" started-at="2022-06-12T14:39:30Z" name="test2" finished-at="2022-06-12T14:39:41Z" duration-ms="11287" status="PASS">
          <reporter-output>
          </reporter-output>
        </test-method> <!-- test2 -->
        <test-method is-config="true" signature="tearDown()[pri:0, instance:testNGWebDriver.LoginTest@1205bd62]" started-at="2022-06-12T14:39:41Z" name="tearDown" finished-at="2022-06-12T14:39:41Z" duration-ms="217" status="PASS">
          <reporter-output>
          </reporter-output>
        </test-method> <!-- tearDown -->
      </class> <!-- testNGWebDriver.LoginTest -->
    </test> <!-- Test -->
  </suite> <!-- Suite -->
</testng-results>
