<?xml version="1.0" encoding="UTF-8"?>
<testng-results ignored="0" total="3" passed="3" failed="0" skipped="0">
  <reporter-output>
  </reporter-output>
  <suite started-at="2022-06-11T16:54:40Z" name="Suite" finished-at="2022-06-11T16:55:27Z" duration-ms="46659">
    <groups>
    </groups>
    <test started-at="2022-06-11T16:54:40Z" name="Test" finished-at="2022-06-11T16:55:27Z" duration-ms="46659">
      <class name="testNGWebDriver.HomePageTest">
        <test-method is-config="true" signature="setUP()[pri:0, instance:testNGWebDriver.HomePageTest@3eb77ea8]" started-at="2022-06-11T16:55:13Z" name="setUP" finished-at="2022-06-11T16:55:17Z" duration-ms="3881" status="PASS">
          <reporter-output>
          </reporter-output>
        </test-method> <!-- setUP -->
        <test-method signature="test1()[pri:0, instance:testNGWebDriver.HomePageTest@3eb77ea8]" started-at="2022-06-11T16:55:17Z" name="test1" finished-at="2022-06-11T16:55:26Z" duration-ms="9336" status="PASS">
          <reporter-output>
          </reporter-output>
        </test-method> <!-- test1 -->
        <test-method is-config="true" signature="tearDown()[pri:0, instance:testNGWebDriver.HomePageTest@3eb77ea8]" started-at="2022-06-11T16:55:27Z" name="tearDown" finished-at="2022-06-11T16:55:27Z" duration-ms="289" status="PASS">
          <reporter-output>
          </reporter-output>
        </test-method> <!-- tearDown -->
      </class> <!-- testNGWebDriver.HomePageTest -->
      <class name="testNGWebDriver.LoginTest">
        <test-method is-config="true" signature="setUP()[pri:0, instance:testNGWebDriver.LoginTest@7d286fb6]" started-at="2022-06-11T16:54:40Z" name="setUP" finished-at="2022-06-11T16:54:45Z" duration-ms="4887" status="PASS">
          <reporter-output>
          </reporter-output>
        </test-method> <!-- setUP -->
        <test-method signature="test1(java.lang.String, java.lang.String)[pri:0, instance:testNGWebDriver.LoginTest@7d286fb6]" started-at="2022-06-11T16:54:45Z" name="test1" finished-at="2022-06-11T16:54:57Z" duration-ms="12247" status="PASS">
          <params>
            <param index="0">
              <value>
                <![CDATA[Abc@xyz.com]]>
              </value>
            </param>
            <param index="1">
              <value>
                <![CDATA[Abc@2345]]>
              </value>
            </param>
          </params>
          <reporter-output>
          </reporter-output>
        </test-method> <!-- test1 -->
        <test-method is-config="true" signature="tearDown()[pri:0, instance:testNGWebDriver.LoginTest@7d286fb6]" started-at="2022-06-11T16:54:57Z" name="tearDown" finished-at="2022-06-11T16:54:58Z" duration-ms="260" status="PASS">
          <reporter-output>
          </reporter-output>
        </test-method> <!-- tearDown -->
        <test-method is-config="true" signature="setUP()[pri:0, instance:testNGWebDriver.LoginTest@7d286fb6]" started-at="2022-06-11T16:54:58Z" name="setUP" finished-at="2022-06-11T16:55:01Z" duration-ms="3642" status="PASS">
          <reporter-output>
          </reporter-output>
        </test-method> <!-- setUP -->
        <test-method signature="test2()[pri:0, instance:testNGWebDriver.LoginTest@7d286fb6]" started-at="2022-06-11T16:55:01Z" name="test2" finished-at="2022-06-11T16:55:13Z" duration-ms="11826" status="PASS">
          <reporter-output>
          </reporter-output>
        </test-method> <!-- test2 -->
        <test-method is-config="true" signature="tearDown()[pri:0, instance:testNGWebDriver.LoginTest@7d286fb6]" started-at="2022-06-11T16:55:13Z" name="tearDown" finished-at="2022-06-11T16:55:13Z" duration-ms="207" status="PASS">
          <reporter-output>
          </reporter-output>
        </test-method> <!-- tearDown -->
      </class> <!-- testNGWebDriver.LoginTest -->
    </test> <!-- Test -->
  </suite> <!-- Suite -->
</testng-results>
